2026-02-09 10:04:03.151 [tomcat-handler-97079] INFO  p6spy - #1770599043151 | took 242ms | statement | connection 30| url jdbc:postgresql://aws-1-ap-south-1.pooler.supabase.com:6543/postgres?sslmode=require&prepareThreshold=0
select s1_0.sale_id,s1_0.product_id,s1_0.sale_price,s1_0.sale_quantity,s1_0.sale_rate from sales s1_0 order by s1_0.sale_quantity desc fetch first ? rows only
select s1_0.sale_id,s1_0.product_id,s1_0.sale_price,s1_0.sale_quantity,s1_0.sale_rate from sales s1_0 order by s1_0.sale_quantity desc fetch first 10 rows only;
2026-02-09 10:04:03.314 [tomcat-handler-97079] INFO  p6spy - #1770599043314 | took 160ms | statement | connection 30| url jdbc:postgresql://aws-1-ap-south-1.pooler.supabase.com:6543/postgres?sslmode=require&prepareThreshold=0
select p1_0.product_id,c1_0.category_id,c1_0.category_name,p1_0.price,p1_0.product_name,p1_0.style from products p1_0 left join categories c1_0 on c1_0.category_id=p1_0.category_id where p1_0.product_id=?
select p1_0.product_id,c1_0.category_id,c1_0.category_name,p1_0.price,p1_0.product_name,p1_0.style from products p1_0 left join categories c1_0 on c1_0.category_id=p1_0.category_id where p1_0.product_id='AKE3OP015';
2026-02-09 10:04:03.468 [tomcat-handler-97079] INFO  p6spy - #1770599043468 | took 150ms | statement | connection 30| url jdbc:postgresql://aws-1-ap-south-1.pooler.supabase.com:6543/postgres?sslmode=require&prepareThreshold=0
select p1_0.product_id,c1_0.category_id,c1_0.category_name,p1_0.price,p1_0.product_name,p1_0.style from products p1_0 left join categories c1_0 on c1_0.category_id=p1_0.category_id where p1_0.product_id=?
select p1_0.product_id,c1_0.category_id,c1_0.category_name,p1_0.price,p1_0.product_name,p1_0.style from products p1_0 left join categories c1_0 on c1_0.category_id=p1_0.category_id where p1_0.product_id='ALE3OP003';
2026-02-09 10:04:03.615 [tomcat-handler-97079] INFO  p6spy - #1770599043615 | took 144ms | statement | connection 30| url jdbc:postgresql://aws-1-ap-south-1.pooler.supabase.com:6543/postgres?sslmode=require&prepareThreshold=0
select p1_0.product_id,c1_0.category_id,c1_0.category_name,p1_0.price,p1_0.product_name,p1_0.style from products p1_0 left join categories c1_0 on c1_0.category_id=p1_0.category_id where p1_0.product_id=?
select p1_0.product_id,c1_0.category_id,c1_0.category_name,p1_0.price,p1_0.product_name,p1_0.style from products p1_0 left join categories c1_0 on c1_0.category_id=p1_0.category_id where p1_0.product_id='AME3OP004';
2026-02-09 10:04:03.758 [tomcat-handler-97079] INFO  p6spy - #1770599043758 | took 142ms | statement | connection 30| url jdbc:postgresql://aws-1-ap-south-1.pooler.supabase.com:6543/postgres?sslmode=require&prepareThreshold=0
select p1_0.product_id,c1_0.category_id,c1_0.category_name,p1_0.price,p1_0.product_name,p1_0.style from products p1_0 left join categories c1_0 on c1_0.category_id=p1_0.category_id where p1_0.product_id=?
select p1_0.product_id,c1_0.category_id,c1_0.category_name,p1_0.price,p1_0.product_name,p1_0.style from products p1_0 left join categories c1_0 on c1_0.category_id=p1_0.category_id where p1_0.product_id='AKI7KT012';
2026-02-09 10:04:03.901 [tomcat-handler-97079] INFO  p6spy - #1770599043901 | took 142ms | statement | connection 30| url jdbc:postgresql://aws-1-ap-south-1.pooler.supabase.com:6543/postgres?sslmode=require&prepareThreshold=0
select p1_0.product_id,c1_0.category_id,c1_0.category_name,p1_0.price,p1_0.product_name,p1_0.style from products p1_0 left join categories c1_0 on c1_0.category_id=p1_0.category_id where p1_0.product_id=?
select p1_0.product_id,c1_0.category_id,c1_0.category_name,p1_0.price,p1_0.product_name,p1_0.style from products p1_0 left join categories c1_0 on c1_0.category_id=p1_0.category_id where p1_0.product_id='AKK7TS002';
2026-02-09 10:04:04.043 [tomcat-handler-97079] INFO  p6spy - #1770599044043 | took 141ms | statement | connection 30| url jdbc:postgresql://aws-1-ap-south-1.pooler.supabase.com:6543/postgres?sslmode=require&prepareThreshold=0
select p1_0.product_id,c1_0.category_id,c1_0.category_name,p1_0.price,p1_0.product_name,p1_0.style from products p1_0 left join categories c1_0 on c1_0.category_id=p1_0.category_id where p1_0.product_id=?
select p1_0.product_id,c1_0.category_id,c1_0.category_name,p1_0.price,p1_0.product_name,p1_0.style from products p1_0 left join categories c1_0 on c1_0.category_id=p1_0.category_id where p1_0.product_id='ALD3PT005';
2026-02-09 10:04:04.187 [tomcat-handler-97079] INFO  p6spy - #1770599044187 | took 142ms | statement | connection 30| url jdbc:postgresql://aws-1-ap-south-1.pooler.supabase.com:6543/postgres?sslmode=require&prepareThreshold=0
select p1_0.product_id,c1_0.category_id,c1_0.category_name,p1_0.price,p1_0.product_name,p1_0.style from products p1_0 left join categories c1_0 on c1_0.category_id=p1_0.category_id where p1_0.product_id=?
select p1_0.product_id,c1_0.category_id,c1_0.category_name,p1_0.price,p1_0.product_name,p1_0.style from products p1_0 left join categories c1_0 on c1_0.category_id=p1_0.category_id where p1_0.product_id='AKJ7TS001';
2026-02-09 10:04:04.329 [tomcat-handler-97079] INFO  p6spy - #1770599044329 | took 141ms | statement | connection 30| url jdbc:postgresql://aws-1-ap-south-1.pooler.supabase.com:6543/postgres?sslmode=require&prepareThreshold=0
select p1_0.product_id,c1_0.category_id,c1_0.category_name,p1_0.price,p1_0.product_name,p1_0.style from products p1_0 left join categories c1_0 on c1_0.category_id=p1_0.category_id where p1_0.product_id=?
select p1_0.product_id,c1_0.category_id,c1_0.category_name,p1_0.price,p1_0.product_name,p1_0.style from products p1_0 left join categories c1_0 on c1_0.category_id=p1_0.category_id where p1_0.product_id='ALK3PT005';
2026-02-09 10:04:04.482 [tomcat-handler-97079] INFO  p6spy - #1770599044482 | took 151ms | statement | connection 30| url jdbc:postgresql://aws-1-ap-south-1.pooler.supabase.com:6543/postgres?sslmode=require&prepareThreshold=0
select p1_0.product_id,c1_0.category_id,c1_0.category_name,p1_0.price,p1_0.product_name,p1_0.style from products p1_0 left join categories c1_0 on c1_0.category_id=p1_0.category_id where p1_0.product_id=?
select p1_0.product_id,c1_0.category_id,c1_0.category_name,p1_0.price,p1_0.product_name,p1_0.style from products p1_0 left join categories c1_0 on c1_0.category_id=p1_0.category_id where p1_0.product_id='ALD3PT004';
2026-02-09 10:04:04.625 [tomcat-handler-97079] INFO  p6spy - #1770599044625 | took 139ms | statement | connection 30| url jdbc:postgresql://aws-1-ap-south-1.pooler.supabase.com:6543/postgres?sslmode=require&prepareThreshold=0
select p1_0.product_id,c1_0.category_id,c1_0.category_name,p1_0.price,p1_0.product_name,p1_0.style from products p1_0 left join categories c1_0 on c1_0.category_id=p1_0.category_id where p1_0.product_id=?
select p1_0.product_id,c1_0.category_id,c1_0.category_name,p1_0.price,p1_0.product_name,p1_0.style from products p1_0 left join categories c1_0 on c1_0.category_id=p1_0.category_id where p1_0.product_id='ALE3PT005';
2026-02-09 10:04:04.766 [tomcat-handler-97079] INFO  p6spy - #1770599044766 | took 140ms | commit | connection 30| url jdbc:postgresql://aws-1-ap-south-1.pooler.supabase.com:6543/postgres?sslmode=require&prepareThreshold=0

;
2026-02-09 10:04:06.945 [tomcat-handler-97086] INFO  p6spy - #1770599046945 | took 140ms | statement | connection 31| url jdbc:postgresql://aws-1-ap-south-1.pooler.supabase.com:6543/postgres?sslmode=require&prepareThreshold=0
select s1_0.sale_id,s1_0.product_id,s1_0.sale_price,s1_0.sale_quantity,s1_0.sale_rate from sales s1_0 order by s1_0.sale_quantity desc fetch first ? rows only
select s1_0.sale_id,s1_0.product_id,s1_0.sale_price,s1_0.sale_quantity,s1_0.sale_rate from sales s1_0 order by s1_0.sale_quantity desc fetch first 10 rows only;
2026-02-09 10:04:07.087 [tomcat-handler-97086] INFO  p6spy - #1770599047087 | took 139ms | statement | connection 31| url jdbc:postgresql://aws-1-ap-south-1.pooler.supabase.com:6543/postgres?sslmode=require&prepareThreshold=0
select p1_0.product_id,c1_0.category_id,c1_0.category_name,p1_0.price,p1_0.product_name,p1_0.style from products p1_0 left join categories c1_0 on c1_0.category_id=p1_0.category_id where p1_0.product_id=?
select p1_0.product_id,c1_0.category_id,c1_0.category_name,p1_0.price,p1_0.product_name,p1_0.style from products p1_0 left join categories c1_0 on c1_0.category_id=p1_0.category_id where p1_0.product_id='AKE3OP015';
2026-02-09 10:04:07.228 [tomcat-handler-97086] INFO  p6spy - #1770599047228 | took 139ms | statement | connection 31| url jdbc:postgresql://aws-1-ap-south-1.pooler.supabase.com:6543/postgres?sslmode=require&prepareThreshold=0
select p1_0.product_id,c1_0.category_id,c1_0.category_name,p1_0.price,p1_0.product_name,p1_0.style from products p1_0 left join categories c1_0 on c1_0.category_id=p1_0.category_id where p1_0.product_id=?
select p1_0.product_id,c1_0.category_id,c1_0.category_name,p1_0.price,p1_0.product_name,p1_0.style from products p1_0 left join categories c1_0 on c1_0.category_id=p1_0.category_id where p1_0.product_id='ALE3OP003';
2026-02-09 10:04:07.368 [tomcat-handler-97086] INFO  p6spy - #1770599047368 | took 139ms | statement | connection 31| url jdbc:postgresql://aws-1-ap-south-1.pooler.supabase.com:6543/postgres?sslmode=require&prepareThreshold=0
select p1_0.product_id,c1_0.category_id,c1_0.category_name,p1_0.price,p1_0.product_name,p1_0.style from products p1_0 left join categories c1_0 on c1_0.category_id=p1_0.category_id where p1_0.product_id=?
select p1_0.product_id,c1_0.category_id,c1_0.category_name,p1_0.price,p1_0.product_name,p1_0.style from products p1_0 left join categories c1_0 on c1_0.category_id=p1_0.category_id where p1_0.product_id='AME3OP004';
2026-02-09 10:04:07.518 [tomcat-handler-97086] INFO  p6spy - #1770599047518 | took 149ms | statement | connection 31| url jdbc:postgresql://aws-1-ap-south-1.pooler.supabase.com:6543/postgres?sslmode=require&prepareThreshold=0
select p1_0.product_id,c1_0.category_id,c1_0.category_name,p1_0.price,p1_0.product_name,p1_0.style from products p1_0 left join categories c1_0 on c1_0.category_id=p1_0.category_id where p1_0.product_id=?
select p1_0.product_id,c1_0.category_id,c1_0.category_name,p1_0.price,p1_0.product_name,p1_0.style from products p1_0 left join categories c1_0 on c1_0.category_id=p1_0.category_id where p1_0.product_id='AKI7KT012';
2026-02-09 10:04:07.662 [tomcat-handler-97086] INFO  p6spy - #1770599047662 | took 139ms | statement | connection 31| url jdbc:postgresql://aws-1-ap-south-1.pooler.supabase.com:6543/postgres?sslmode=require&prepareThreshold=0
select p1_0.product_id,c1_0.category_id,c1_0.category_name,p1_0.price,p1_0.product_name,p1_0.style from products p1_0 left join categories c1_0 on c1_0.category_id=p1_0.category_id where p1_0.product_id=?
select p1_0.product_id,c1_0.category_id,c1_0.category_name,p1_0.price,p1_0.product_name,p1_0.style from products p1_0 left join categories c1_0 on c1_0.category_id=p1_0.category_id where p1_0.product_id='AKK7TS002';
2026-02-09 10:04:07.806 [tomcat-handler-97086] INFO  p6spy - #1770599047805 | took 140ms | statement | connection 31| url jdbc:postgresql://aws-1-ap-south-1.pooler.supabase.com:6543/postgres?sslmode=require&prepareThreshold=0
select p1_0.product_id,c1_0.category_id,c1_0.category_name,p1_0.price,p1_0.product_name,p1_0.style from products p1_0 left join categories c1_0 on c1_0.category_id=p1_0.category_id where p1_0.product_id=?
select p1_0.product_id,c1_0.category_id,c1_0.category_name,p1_0.price,p1_0.product_name,p1_0.style from products p1_0 left join categories c1_0 on c1_0.category_id=p1_0.category_id where p1_0.product_id='ALD3PT005';
2026-02-09 10:04:07.950 [tomcat-handler-97086] INFO  p6spy - #1770599047950 | took 140ms | statement | connection 31| url jdbc:postgresql://aws-1-ap-south-1.pooler.supabase.com:6543/postgres?sslmode=require&prepareThreshold=0
select p1_0.product_id,c1_0.category_id,c1_0.category_name,p1_0.price,p1_0.product_name,p1_0.style from products p1_0 left join categories c1_0 on c1_0.category_id=p1_0.category_id where p1_0.product_id=?
select p1_0.product_id,c1_0.category_id,c1_0.category_name,p1_0.price,p1_0.product_name,p1_0.style from products p1_0 left join categories c1_0 on c1_0.category_id=p1_0.category_id where p1_0.product_id='AKJ7TS001';
2026-02-09 10:04:08.091 [tomcat-handler-97086] INFO  p6spy - #1770599048091 | took 139ms | statement | connection 31| url jdbc:postgresql://aws-1-ap-south-1.pooler.supabase.com:6543/postgres?sslmode=require&prepareThreshold=0
select p1_0.product_id,c1_0.category_id,c1_0.category_name,p1_0.price,p1_0.product_name,p1_0.style from products p1_0 left join categories c1_0 on c1_0.category_id=p1_0.category_id where p1_0.product_id=?
select p1_0.product_id,c1_0.category_id,c1_0.category_name,p1_0.price,p1_0.product_name,p1_0.style from products p1_0 left join categories c1_0 on c1_0.category_id=p1_0.category_id where p1_0.product_id='ALK3PT005';
2026-02-09 10:04:08.234 [tomcat-handler-97086] INFO  p6spy - #1770599048234 | took 139ms | statement | connection 31| url jdbc:postgresql://aws-1-ap-south-1.pooler.supabase.com:6543/postgres?sslmode=require&prepareThreshold=0
select p1_0.product_id,c1_0.category_id,c1_0.category_name,p1_0.price,p1_0.product_name,p1_0.style from products p1_0 left join categories c1_0 on c1_0.category_id=p1_0.category_id where p1_0.product_id=?
select p1_0.product_id,c1_0.category_id,c1_0.category_name,p1_0.price,p1_0.product_name,p1_0.style from products p1_0 left join categories c1_0 on c1_0.category_id=p1_0.category_id where p1_0.product_id='ALD3PT004';
2026-02-09 10:04:08.377 [tomcat-handler-97086] INFO  p6spy - #1770599048377 | took 141ms | statement | connection 31| url jdbc:postgresql://aws-1-ap-south-1.pooler.supabase.com:6543/postgres?sslmode=require&prepareThreshold=0
select p1_0.product_id,c1_0.category_id,c1_0.category_name,p1_0.price,p1_0.product_name,p1_0.style from products p1_0 left join categories c1_0 on c1_0.category_id=p1_0.category_id where p1_0.product_id=?
select p1_0.product_id,c1_0.category_id,c1_0.category_name,p1_0.price,p1_0.product_name,p1_0.style from products p1_0 left join categories c1_0 on c1_0.category_id=p1_0.category_id where p1_0.product_id='ALE3PT005';
2026-02-09 10:04:08.517 [tomcat-handler-97086] INFO  p6spy - #1770599048517 | took 139ms | commit | connection 31| url jdbc:postgresql://aws-1-ap-south-1.pooler.supabase.com:6543/postgres?sslmode=require&prepareThreshold=0

;
2026-02-09 10:11:31.491 [tomcat-handler-97254] INFO  p6spy - #1770599491491 | took 141ms | statement | connection 32| url jdbc:postgresql://aws-1-ap-south-1.pooler.supabase.com:6543/postgres?sslmode=require&prepareThreshold=0
select m1_0.id,m1_0.nickname,m1_0.password,m1_0.profile,m1_0.provider from member m1_0 where m1_0.id=?
select m1_0.id,m1_0.nickname,m1_0.password,m1_0.profile,m1_0.provider from member m1_0 where m1_0.id='test01';
2026-02-09 10:11:31.626 [tomcat-handler-97254] INFO  p6spy - #1770599491626 | took 134ms | commit | connection 32| url jdbc:postgresql://aws-1-ap-south-1.pooler.supabase.com:6543/postgres?sslmode=require&prepareThreshold=0

;
2026-02-09 10:11:31.729 [tomcat-handler-97255] INFO  p6spy - #1770599491729 | took 135ms | statement | connection 33| url jdbc:postgresql://aws-1-ap-south-1.pooler.supabase.com:6543/postgres?sslmode=require&prepareThreshold=0
select m1_0.id,m1_0.nickname,m1_0.password,m1_0.profile,m1_0.provider from member m1_0 where m1_0.id=?
select m1_0.id,m1_0.nickname,m1_0.password,m1_0.profile,m1_0.provider from member m1_0 where m1_0.id='test01';
2026-02-09 10:11:31.865 [tomcat-handler-97255] INFO  p6spy - #1770599491865 | took 135ms | commit | connection 33| url jdbc:postgresql://aws-1-ap-south-1.pooler.supabase.com:6543/postgres?sslmode=require&prepareThreshold=0

;
2026-02-09 10:27:39.762 [File Watcher] INFO  o.s.b.d.a.LocalDevToolsAutoConfiguration$RestartingClassPathChangeChangedEventListener - Restarting due to 1 class path change (0 additions, 0 deletions, 1 modification)
2026-02-09 10:27:39.767 [Thread-83] INFO  o.s.b.w.e.tomcat.GracefulShutdown - Commencing graceful shutdown. Waiting for active requests to complete
2026-02-09 10:27:39.770 [tomcat-shutdown] INFO  o.s.b.w.e.tomcat.GracefulShutdown - Graceful shutdown complete
2026-02-09 10:27:39.778 [Thread-83] INFO  o.s.o.j.LocalContainerEntityManagerFactoryBean - Closing JPA EntityManagerFactory for persistence unit 'default'
2026-02-09 10:27:39.782 [Thread-83] INFO  com.zaxxer.hikari.HikariDataSource - HikariPool-5 - Shutdown initiated...
2026-02-09 10:27:40.736 [Thread-83] INFO  com.zaxxer.hikari.HikariDataSource - HikariPool-5 - Shutdown completed.
2026-02-09 10:27:40.937 [restartedMain] INFO  c.k.f.FashionApiApplication - Starting FashionApiApplication using Java 21.0.8 with PID 21044 (C:\workspace_fashion\fashion-api\bin\main started by user in C:\workspace_fashion\fashion-api)
2026-02-09 10:27:40.938 [restartedMain] INFO  c.k.f.FashionApiApplication - No active profile set, falling back to 1 default profile: "default"
2026-02-09 10:27:41.231 [restartedMain] INFO  o.s.d.r.c.RepositoryConfigurationDelegate - Bootstrapping Spring Data JPA repositories in DEFAULT mode.
2026-02-09 10:27:41.252 [restartedMain] INFO  o.s.d.r.c.RepositoryConfigurationDelegate - Finished Spring Data repository scanning in 20 ms. Found 4 JPA repository interfaces.
2026-02-09 10:27:41.422 [restartedMain] INFO  o.s.b.w.e.tomcat.TomcatWebServer - Tomcat initialized with port 8080 (http)
2026-02-09 10:27:41.424 [restartedMain] INFO  o.a.catalina.core.StandardService - Starting service [Tomcat]
2026-02-09 10:27:41.425 [restartedMain] INFO  o.a.catalina.core.StandardEngine - Starting Servlet engine: [Apache Tomcat/10.1.50]
2026-02-09 10:27:41.550 [restartedMain] INFO  o.apache.jasper.servlet.TldScanner - At least one JAR was scanned for TLDs yet contained no TLDs. Enable debug logging for this logger for a complete list of JARs that were scanned but no TLDs were found in them. Skipping unneeded JARs during scanning can improve startup time and JSP compilation time.
2026-02-09 10:27:41.553 [restartedMain] INFO  o.a.c.c.C.[Tomcat].[localhost].[/] - Initializing Spring embedded WebApplicationContext
2026-02-09 10:27:41.554 [restartedMain] INFO  o.s.b.w.s.c.ServletWebServerApplicationContext - Root WebApplicationContext: initialization completed in 615 ms
2026-02-09 10:27:41.634 [restartedMain] INFO  com.zaxxer.hikari.HikariDataSource - HikariPool-6 - Starting...
2026-02-09 10:27:42.904 [restartedMain] INFO  com.zaxxer.hikari.pool.HikariPool - HikariPool-6 - Added connection org.postgresql.jdbc.PgConnection@1e513e96
2026-02-09 10:27:42.904 [restartedMain] INFO  com.zaxxer.hikari.HikariDataSource - HikariPool-6 - Start completed.
2026-02-09 10:27:42.906 [restartedMain] INFO  o.h.jpa.internal.util.LogHelper - HHH000204: Processing PersistenceUnitInfo [name: default]
2026-02-09 10:27:42.909 [restartedMain] INFO  o.h.c.i.RegionFactoryInitiator - HHH000026: Second-level cache disabled
2026-02-09 10:27:43.632 [restartedMain] INFO  o.hibernate.orm.connections.pooling - HHH10001005: Database info:
	Database JDBC URL [Connecting through datasource 'p6SpyDataSourceDecorator [com.p6spy.engine.spy.P6DataSource] -> dataSource [com.zaxxer.hikari.HikariDataSource]']
	Database driver: undefined/unknown
	Database version: 17.6
	Autocommit mode: undefined/unknown
	Isolation level: undefined/unknown
	Minimum pool size: undefined/unknown
	Maximum pool size: undefined/unknown
2026-02-09 10:27:43.641 [restartedMain] INFO  o.s.o.j.p.SpringPersistenceUnitInfo - No LoadTimeWeaver setup: ignoring JPA class transformer
2026-02-09 10:27:43.709 [restartedMain] INFO  o.h.e.t.j.p.i.JtaPlatformInitiator - HHH000489: No JTA platform available (set 'hibernate.transaction.jta.platform' to enable JTA platform integration)
2026-02-09 10:27:43.710 [restartedMain] INFO  o.s.o.j.LocalContainerEntityManagerFactoryBean - Initialized JPA EntityManagerFactory for persistence unit 'default'
2026-02-09 10:27:43.888 [restartedMain] WARN  o.s.b.a.o.j.JpaBaseConfiguration$JpaWebConfiguration - spring.jpa.open-in-view is enabled by default. Therefore, database queries may be performed during view rendering. Explicitly configure spring.jpa.open-in-view to disable this warning
2026-02-09 10:27:44.029 [restartedMain] INFO  o.s.b.d.a.OptionalLiveReloadServer - LiveReload server is running on port 35729
2026-02-09 10:27:44.038 [restartedMain] INFO  o.s.b.w.e.tomcat.TomcatWebServer - Tomcat started on port 8080 (http) with context path '/'
2026-02-09 10:27:44.040 [restartedMain] INFO  c.k.f.FashionApiApplication - Started FashionApiApplication in 3.142 seconds (process running for 237082.836)
2026-02-09 10:27:44.041 [restartedMain] INFO  o.s.b.d.a.ConditionEvaluationDeltaLoggingListener - Condition evaluation unchanged
2026-02-09 10:27:44.289 [tomcat-handler-0] INFO  o.a.c.c.C.[Tomcat].[localhost].[/] - Initializing Spring DispatcherServlet 'dispatcherServlet'
2026-02-09 10:27:44.289 [tomcat-handler-0] INFO  o.s.web.servlet.DispatcherServlet - Initializing Servlet 'dispatcherServlet'
2026-02-09 10:27:44.290 [tomcat-handler-0] INFO  o.s.web.servlet.DispatcherServlet - Completed initialization in 1 ms
2026-02-09 10:27:55.687 [File Watcher] INFO  o.s.b.d.a.LocalDevToolsAutoConfiguration$RestartingClassPathChangeChangedEventListener - Restarting due to 1 class path change (0 additions, 0 deletions, 1 modification)
2026-02-09 10:27:55.688 [Thread-103] INFO  o.s.b.w.e.tomcat.GracefulShutdown - Commencing graceful shutdown. Waiting for active requests to complete
2026-02-09 10:27:55.690 [tomcat-shutdown] INFO  o.s.b.w.e.tomcat.GracefulShutdown - Graceful shutdown complete
2026-02-09 10:27:55.693 [Thread-103] INFO  o.s.o.j.LocalContainerEntityManagerFactoryBean - Closing JPA EntityManagerFactory for persistence unit 'default'
2026-02-09 10:27:55.693 [Thread-103] INFO  com.zaxxer.hikari.HikariDataSource - HikariPool-6 - Shutdown initiated...
2026-02-09 10:27:57.039 [Thread-103] INFO  com.zaxxer.hikari.HikariDataSource - HikariPool-6 - Shutdown completed.
2026-02-09 10:27:57.132 [restartedMain] INFO  c.k.f.FashionApiApplication - Starting FashionApiApplication using Java 21.0.8 with PID 21044 (C:\workspace_fashion\fashion-api\bin\main started by user in C:\workspace_fashion\fashion-api)
2026-02-09 10:27:57.133 [restartedMain] INFO  c.k.f.FashionApiApplication - No active profile set, falling back to 1 default profile: "default"
2026-02-09 10:27:57.330 [restartedMain] INFO  o.s.d.r.c.RepositoryConfigurationDelegate - Bootstrapping Spring Data JPA repositories in DEFAULT mode.
2026-02-09 10:27:57.344 [restartedMain] INFO  o.s.d.r.c.RepositoryConfigurationDelegate - Finished Spring Data repository scanning in 13 ms. Found 4 JPA repository interfaces.
2026-02-09 10:27:57.417 [restartedMain] INFO  o.s.b.w.e.tomcat.TomcatWebServer - Tomcat initialized with port 8080 (http)
2026-02-09 10:27:57.417 [restartedMain] INFO  o.a.catalina.core.StandardService - Starting service [Tomcat]
2026-02-09 10:27:57.417 [restartedMain] INFO  o.a.catalina.core.StandardEngine - Starting Servlet engine: [Apache Tomcat/10.1.50]
2026-02-09 10:27:57.469 [restartedMain] INFO  o.apache.jasper.servlet.TldScanner - At least one JAR was scanned for TLDs yet contained no TLDs. Enable debug logging for this logger for a complete list of JARs that were scanned but no TLDs were found in them. Skipping unneeded JARs during scanning can improve startup time and JSP compilation time.
2026-02-09 10:27:57.471 [restartedMain] INFO  o.a.c.c.C.[Tomcat].[localhost].[/] - Initializing Spring embedded WebApplicationContext
2026-02-09 10:27:57.471 [restartedMain] INFO  o.s.b.w.s.c.ServletWebServerApplicationContext - Root WebApplicationContext: initialization completed in 337 ms
2026-02-09 10:27:57.498 [restartedMain] INFO  com.zaxxer.hikari.HikariDataSource - HikariPool-7 - Starting...
2026-02-09 10:27:58.742 [restartedMain] INFO  com.zaxxer.hikari.pool.HikariPool - HikariPool-7 - Added connection org.postgresql.jdbc.PgConnection@2b47aba
2026-02-09 10:27:58.743 [restartedMain] INFO  com.zaxxer.hikari.HikariDataSource - HikariPool-7 - Start completed.
2026-02-09 10:27:58.747 [restartedMain] INFO  o.h.jpa.internal.util.LogHelper - HHH000204: Processing PersistenceUnitInfo [name: default]
2026-02-09 10:27:58.755 [restartedMain] INFO  o.h.c.i.RegionFactoryInitiator - HHH000026: Second-level cache disabled
2026-02-09 10:27:59.445 [restartedMain] INFO  o.hibernate.orm.connections.pooling - HHH10001005: Database info:
	Database JDBC URL [Connecting through datasource 'p6SpyDataSourceDecorator [com.p6spy.engine.spy.P6DataSource] -> dataSource [com.zaxxer.hikari.HikariDataSource]']
	Database driver: undefined/unknown
	Database version: 17.6
	Autocommit mode: undefined/unknown
	Isolation level: undefined/unknown
	Minimum pool size: undefined/unknown
	Maximum pool size: undefined/unknown
2026-02-09 10:27:59.449 [restartedMain] INFO  o.s.o.j.p.SpringPersistenceUnitInfo - No LoadTimeWeaver setup: ignoring JPA class transformer
2026-02-09 10:27:59.503 [restartedMain] INFO  o.h.e.t.j.p.i.JtaPlatformInitiator - HHH000489: No JTA platform available (set 'hibernate.transaction.jta.platform' to enable JTA platform integration)
2026-02-09 10:27:59.503 [restartedMain] INFO  o.s.o.j.LocalContainerEntityManagerFactoryBean - Initialized JPA EntityManagerFactory for persistence unit 'default'
2026-02-09 10:27:59.607 [restartedMain] WARN  o.s.b.a.o.j.JpaBaseConfiguration$JpaWebConfiguration - spring.jpa.open-in-view is enabled by default. Therefore, database queries may be performed during view rendering. Explicitly configure spring.jpa.open-in-view to disable this warning
2026-02-09 10:27:59.672 [restartedMain] INFO  o.s.b.d.a.OptionalLiveReloadServer - LiveReload server is running on port 35729
2026-02-09 10:27:59.679 [restartedMain] INFO  o.s.b.w.e.tomcat.TomcatWebServer - Tomcat started on port 8080 (http) with context path '/'
2026-02-09 10:27:59.681 [restartedMain] INFO  c.k.f.FashionApiApplication - Started FashionApiApplication in 2.569 seconds (process running for 237098.476)
2026-02-09 10:27:59.682 [restartedMain] INFO  o.s.b.d.a.ConditionEvaluationDeltaLoggingListener - Condition evaluation unchanged
2026-02-09 10:27:59.903 [tomcat-handler-0] INFO  o.a.c.c.C.[Tomcat].[localhost].[/] - Initializing Spring DispatcherServlet 'dispatcherServlet'
2026-02-09 10:27:59.904 [tomcat-handler-0] INFO  o.s.web.servlet.DispatcherServlet - Initializing Servlet 'dispatcherServlet'
2026-02-09 10:27:59.907 [tomcat-handler-0] INFO  o.s.web.servlet.DispatcherServlet - Completed initialization in 2 ms
2026-02-09 10:29:02.589 [File Watcher] INFO  o.s.b.d.a.LocalDevToolsAutoConfiguration$RestartingClassPathChangeChangedEventListener - Restarting due to 1 class path change (0 additions, 0 deletions, 1 modification)
2026-02-09 10:29:02.590 [Thread-123] INFO  o.s.b.w.e.tomcat.GracefulShutdown - Commencing graceful shutdown. Waiting for active requests to complete
2026-02-09 10:29:02.591 [tomcat-shutdown] INFO  o.s.b.w.e.tomcat.GracefulShutdown - Graceful shutdown complete
2026-02-09 10:29:02.593 [Thread-123] INFO  o.s.o.j.LocalContainerEntityManagerFactoryBean - Closing JPA EntityManagerFactory for persistence unit 'default'
2026-02-09 10:29:02.594 [Thread-123] INFO  com.zaxxer.hikari.HikariDataSource - HikariPool-7 - Shutdown initiated...
2026-02-09 10:29:03.408 [Thread-123] INFO  com.zaxxer.hikari.HikariDataSource - HikariPool-7 - Shutdown completed.
2026-02-09 10:29:03.502 [restartedMain] INFO  c.k.f.FashionApiApplication - Starting FashionApiApplication using Java 21.0.8 with PID 21044 (C:\workspace_fashion\fashion-api\bin\main started by user in C:\workspace_fashion\fashion-api)
2026-02-09 10:29:03.502 [restartedMain] INFO  c.k.f.FashionApiApplication - No active profile set, falling back to 1 default profile: "default"
2026-02-09 10:29:03.690 [restartedMain] INFO  o.s.d.r.c.RepositoryConfigurationDelegate - Bootstrapping Spring Data JPA repositories in DEFAULT mode.
2026-02-09 10:29:03.704 [restartedMain] INFO  o.s.d.r.c.RepositoryConfigurationDelegate - Finished Spring Data repository scanning in 12 ms. Found 4 JPA repository interfaces.
2026-02-09 10:29:03.765 [restartedMain] INFO  o.s.b.w.e.tomcat.TomcatWebServer - Tomcat initialized with port 8080 (http)
2026-02-09 10:29:03.766 [restartedMain] INFO  o.a.catalina.core.StandardService - Starting service [Tomcat]
2026-02-09 10:29:03.766 [restartedMain] INFO  o.a.catalina.core.StandardEngine - Starting Servlet engine: [Apache Tomcat/10.1.50]
2026-02-09 10:29:03.819 [restartedMain] INFO  o.apache.jasper.servlet.TldScanner - At least one JAR was scanned for TLDs yet contained no TLDs. Enable debug logging for this logger for a complete list of JARs that were scanned but no TLDs were found in them. Skipping unneeded JARs during scanning can improve startup time and JSP compilation time.
2026-02-09 10:29:03.821 [restartedMain] INFO  o.a.c.c.C.[Tomcat].[localhost].[/] - Initializing Spring embedded WebApplicationContext
2026-02-09 10:29:03.821 [restartedMain] INFO  o.s.b.w.s.c.ServletWebServerApplicationContext - Root WebApplicationContext: initialization completed in 317 ms
2026-02-09 10:29:03.842 [restartedMain] INFO  com.zaxxer.hikari.HikariDataSource - HikariPool-8 - Starting...
2026-02-09 10:29:05.117 [restartedMain] INFO  com.zaxxer.hikari.pool.HikariPool - HikariPool-8 - Added connection org.postgresql.jdbc.PgConnection@3f1ccae6
2026-02-09 10:29:05.117 [restartedMain] INFO  com.zaxxer.hikari.HikariDataSource - HikariPool-8 - Start completed.
2026-02-09 10:29:05.119 [restartedMain] INFO  o.h.jpa.internal.util.LogHelper - HHH000204: Processing PersistenceUnitInfo [name: default]
2026-02-09 10:29:05.122 [restartedMain] INFO  o.h.c.i.RegionFactoryInitiator - HHH000026: Second-level cache disabled
2026-02-09 10:29:05.812 [restartedMain] INFO  o.hibernate.orm.connections.pooling - HHH10001005: Database info:
	Database JDBC URL [Connecting through datasource 'p6SpyDataSourceDecorator [com.p6spy.engine.spy.P6DataSource] -> dataSource [com.zaxxer.hikari.HikariDataSource]']
	Database driver: undefined/unknown
	Database version: 17.6
	Autocommit mode: undefined/unknown
	Isolation level: undefined/unknown
	Minimum pool size: undefined/unknown
	Maximum pool size: undefined/unknown
2026-02-09 10:29:05.817 [restartedMain] INFO  o.s.o.j.p.SpringPersistenceUnitInfo - No LoadTimeWeaver setup: ignoring JPA class transformer
2026-02-09 10:29:05.871 [restartedMain] INFO  o.h.e.t.j.p.i.JtaPlatformInitiator - HHH000489: No JTA platform available (set 'hibernate.transaction.jta.platform' to enable JTA platform integration)
2026-02-09 10:29:05.871 [restartedMain] INFO  o.s.o.j.LocalContainerEntityManagerFactoryBean - Initialized JPA EntityManagerFactory for persistence unit 'default'
2026-02-09 10:29:05.984 [restartedMain] WARN  o.s.b.a.o.j.JpaBaseConfiguration$JpaWebConfiguration - spring.jpa.open-in-view is enabled by default. Therefore, database queries may be performed during view rendering. Explicitly configure spring.jpa.open-in-view to disable this warning
2026-02-09 10:29:06.050 [restartedMain] INFO  o.s.b.d.a.OptionalLiveReloadServer - LiveReload server is running on port 35729
2026-02-09 10:29:06.056 [restartedMain] INFO  o.s.b.w.e.tomcat.TomcatWebServer - Tomcat started on port 8080 (http) with context path '/'
2026-02-09 10:29:06.057 [restartedMain] INFO  c.k.f.FashionApiApplication - Started FashionApiApplication in 2.574 seconds (process running for 237164.853)
2026-02-09 10:29:06.058 [restartedMain] INFO  o.s.b.d.a.ConditionEvaluationDeltaLoggingListener - Condition evaluation unchanged
2026-02-09 10:29:06.229 [tomcat-handler-0] INFO  o.a.c.c.C.[Tomcat].[localhost].[/] - Initializing Spring DispatcherServlet 'dispatcherServlet'
2026-02-09 10:29:06.230 [tomcat-handler-0] INFO  o.s.web.servlet.DispatcherServlet - Initializing Servlet 'dispatcherServlet'
2026-02-09 10:29:06.231 [tomcat-handler-0] INFO  o.s.web.servlet.DispatcherServlet - Completed initialization in 1 ms
2026-02-09 10:30:24.186 [File Watcher] INFO  o.s.b.d.a.LocalDevToolsAutoConfiguration$RestartingClassPathChangeChangedEventListener - Restarting due to 1 class path change (0 additions, 0 deletions, 1 modification)
2026-02-09 10:30:24.187 [Thread-143] INFO  o.s.b.w.e.tomcat.GracefulShutdown - Commencing graceful shutdown. Waiting for active requests to complete
2026-02-09 10:30:24.189 [tomcat-shutdown] INFO  o.s.b.w.e.tomcat.GracefulShutdown - Graceful shutdown complete
2026-02-09 10:30:24.191 [Thread-143] INFO  o.s.o.j.LocalContainerEntityManagerFactoryBean - Closing JPA EntityManagerFactory for persistence unit 'default'
2026-02-09 10:30:24.191 [Thread-143] INFO  com.zaxxer.hikari.HikariDataSource - HikariPool-8 - Shutdown initiated...
2026-02-09 10:30:24.192 [Thread-143] INFO  com.zaxxer.hikari.HikariDataSource - HikariPool-8 - Shutdown completed.
2026-02-09 10:30:24.277 [restartedMain] INFO  c.k.f.FashionApiApplication - Starting FashionApiApplication using Java 21.0.8 with PID 21044 (C:\workspace_fashion\fashion-api\bin\main started by user in C:\workspace_fashion\fashion-api)
2026-02-09 10:30:24.277 [restartedMain] INFO  c.k.f.FashionApiApplication - No active profile set, falling back to 1 default profile: "default"
2026-02-09 10:30:24.492 [restartedMain] INFO  o.s.d.r.c.RepositoryConfigurationDelegate - Bootstrapping Spring Data JPA repositories in DEFAULT mode.
2026-02-09 10:30:24.506 [restartedMain] INFO  o.s.d.r.c.RepositoryConfigurationDelegate - Finished Spring Data repository scanning in 13 ms. Found 4 JPA repository interfaces.
2026-02-09 10:30:24.571 [restartedMain] INFO  o.s.b.w.e.tomcat.TomcatWebServer - Tomcat initialized with port 8080 (http)
2026-02-09 10:30:24.572 [restartedMain] INFO  o.a.catalina.core.StandardService - Starting service [Tomcat]
2026-02-09 10:30:24.572 [restartedMain] INFO  o.a.catalina.core.StandardEngine - Starting Servlet engine: [Apache Tomcat/10.1.50]
2026-02-09 10:30:24.626 [restartedMain] INFO  o.apache.jasper.servlet.TldScanner - At least one JAR was scanned for TLDs yet contained no TLDs. Enable debug logging for this logger for a complete list of JARs that were scanned but no TLDs were found in them. Skipping unneeded JARs during scanning can improve startup time and JSP compilation time.
2026-02-09 10:30:24.628 [restartedMain] INFO  o.a.c.c.C.[Tomcat].[localhost].[/] - Initializing Spring embedded WebApplicationContext
2026-02-09 10:30:24.628 [restartedMain] INFO  o.s.b.w.s.c.ServletWebServerApplicationContext - Root WebApplicationContext: initialization completed in 349 ms
2026-02-09 10:30:24.660 [restartedMain] INFO  com.zaxxer.hikari.HikariDataSource - HikariPool-9 - Starting...
2026-02-09 10:30:25.919 [restartedMain] INFO  com.zaxxer.hikari.pool.HikariPool - HikariPool-9 - Added connection org.postgresql.jdbc.PgConnection@6ec3500a
2026-02-09 10:30:25.920 [restartedMain] INFO  com.zaxxer.hikari.HikariDataSource - HikariPool-9 - Start completed.
2026-02-09 10:30:25.921 [restartedMain] INFO  o.h.jpa.internal.util.LogHelper - HHH000204: Processing PersistenceUnitInfo [name: default]
2026-02-09 10:30:25.924 [restartedMain] INFO  o.h.c.i.RegionFactoryInitiator - HHH000026: Second-level cache disabled
2026-02-09 10:30:26.612 [restartedMain] INFO  o.hibernate.orm.connections.pooling - HHH10001005: Database info:
	Database JDBC URL [Connecting through datasource 'p6SpyDataSourceDecorator [com.p6spy.engine.spy.P6DataSource] -> dataSource [com.zaxxer.hikari.HikariDataSource]']
	Database driver: undefined/unknown
	Database version: 17.6
	Autocommit mode: undefined/unknown
	Isolation level: undefined/unknown
	Minimum pool size: undefined/unknown
	Maximum pool size: undefined/unknown
2026-02-09 10:30:26.616 [restartedMain] INFO  o.s.o.j.p.SpringPersistenceUnitInfo - No LoadTimeWeaver setup: ignoring JPA class transformer
2026-02-09 10:30:26.669 [restartedMain] INFO  o.h.e.t.j.p.i.JtaPlatformInitiator - HHH000489: No JTA platform available (set 'hibernate.transaction.jta.platform' to enable JTA platform integration)
2026-02-09 10:30:26.669 [restartedMain] INFO  o.s.o.j.LocalContainerEntityManagerFactoryBean - Initialized JPA EntityManagerFactory for persistence unit 'default'
2026-02-09 10:30:26.791 [restartedMain] WARN  o.s.b.a.o.j.JpaBaseConfiguration$JpaWebConfiguration - spring.jpa.open-in-view is enabled by default. Therefore, database queries may be performed during view rendering. Explicitly configure spring.jpa.open-in-view to disable this warning
2026-02-09 10:30:26.871 [restartedMain] INFO  o.s.b.d.a.OptionalLiveReloadServer - LiveReload server is running on port 35729
2026-02-09 10:30:26.878 [restartedMain] INFO  o.s.b.w.e.tomcat.TomcatWebServer - Tomcat started on port 8080 (http) with context path '/'
2026-02-09 10:30:26.881 [restartedMain] INFO  c.k.f.FashionApiApplication - Started FashionApiApplication in 2.624 seconds (process running for 237245.676)
2026-02-09 10:30:26.882 [restartedMain] INFO  o.s.b.d.a.ConditionEvaluationDeltaLoggingListener - Condition evaluation unchanged
2026-02-09 10:30:26.941 [tomcat-handler-0] INFO  o.a.c.c.C.[Tomcat].[localhost].[/] - Initializing Spring DispatcherServlet 'dispatcherServlet'
2026-02-09 10:30:26.941 [tomcat-handler-0] INFO  o.s.web.servlet.DispatcherServlet - Initializing Servlet 'dispatcherServlet'
2026-02-09 10:30:26.942 [tomcat-handler-0] INFO  o.s.web.servlet.DispatcherServlet - Completed initialization in 1 ms
2026-02-09 10:31:29.745 [File Watcher] INFO  o.s.b.d.a.LocalDevToolsAutoConfiguration$RestartingClassPathChangeChangedEventListener - Restarting due to 2 class path changes (0 additions, 0 deletions, 2 modifications)
2026-02-09 10:31:29.746 [Thread-163] INFO  o.s.b.w.e.tomcat.GracefulShutdown - Commencing graceful shutdown. Waiting for active requests to complete
2026-02-09 10:31:29.747 [tomcat-shutdown] INFO  o.s.b.w.e.tomcat.GracefulShutdown - Graceful shutdown complete
2026-02-09 10:31:29.749 [Thread-163] INFO  o.s.o.j.LocalContainerEntityManagerFactoryBean - Closing JPA EntityManagerFactory for persistence unit 'default'
2026-02-09 10:31:29.749 [Thread-163] INFO  com.zaxxer.hikari.HikariDataSource - HikariPool-9 - Shutdown initiated...
2026-02-09 10:31:30.563 [Thread-163] INFO  com.zaxxer.hikari.HikariDataSource - HikariPool-9 - Shutdown completed.
2026-02-09 10:31:30.645 [restartedMain] INFO  c.k.f.FashionApiApplication - Starting FashionApiApplication using Java 21.0.8 with PID 21044 (C:\workspace_fashion\fashion-api\bin\main started by user in C:\workspace_fashion\fashion-api)
2026-02-09 10:31:30.645 [restartedMain] INFO  c.k.f.FashionApiApplication - No active profile set, falling back to 1 default profile: "default"
2026-02-09 10:31:30.827 [restartedMain] INFO  o.s.d.r.c.RepositoryConfigurationDelegate - Bootstrapping Spring Data JPA repositories in DEFAULT mode.
2026-02-09 10:31:30.840 [restartedMain] INFO  o.s.d.r.c.RepositoryConfigurationDelegate - Finished Spring Data repository scanning in 12 ms. Found 4 JPA repository interfaces.
2026-02-09 10:31:30.909 [restartedMain] INFO  o.s.b.w.e.tomcat.TomcatWebServer - Tomcat initialized with port 8080 (http)
2026-02-09 10:31:30.909 [restartedMain] INFO  o.a.catalina.core.StandardService - Starting service [Tomcat]
2026-02-09 10:31:30.909 [restartedMain] INFO  o.a.catalina.core.StandardEngine - Starting Servlet engine: [Apache Tomcat/10.1.50]
2026-02-09 10:31:30.965 [restartedMain] INFO  o.apache.jasper.servlet.TldScanner - At least one JAR was scanned for TLDs yet contained no TLDs. Enable debug logging for this logger for a complete list of JARs that were scanned but no TLDs were found in them. Skipping unneeded JARs during scanning can improve startup time and JSP compilation time.
2026-02-09 10:31:30.968 [restartedMain] INFO  o.a.c.c.C.[Tomcat].[localhost].[/] - Initializing Spring embedded WebApplicationContext
2026-02-09 10:31:30.968 [restartedMain] INFO  o.s.b.w.s.c.ServletWebServerApplicationContext - Root WebApplicationContext: initialization completed in 322 ms
2026-02-09 10:31:30.988 [restartedMain] INFO  com.zaxxer.hikari.HikariDataSource - HikariPool-10 - Starting...
2026-02-09 10:31:32.262 [restartedMain] INFO  com.zaxxer.hikari.pool.HikariPool - HikariPool-10 - Added connection org.postgresql.jdbc.PgConnection@7c10bdcc
2026-02-09 10:31:32.262 [restartedMain] INFO  com.zaxxer.hikari.HikariDataSource - HikariPool-10 - Start completed.
2026-02-09 10:31:32.263 [restartedMain] INFO  o.h.jpa.internal.util.LogHelper - HHH000204: Processing PersistenceUnitInfo [name: default]
2026-02-09 10:31:32.266 [restartedMain] INFO  o.h.c.i.RegionFactoryInitiator - HHH000026: Second-level cache disabled
2026-02-09 10:31:32.989 [restartedMain] INFO  o.hibernate.orm.connections.pooling - HHH10001005: Database info:
	Database JDBC URL [Connecting through datasource 'p6SpyDataSourceDecorator [com.p6spy.engine.spy.P6DataSource] -> dataSource [com.zaxxer.hikari.HikariDataSource]']
	Database driver: undefined/unknown
	Database version: 17.6
	Autocommit mode: undefined/unknown
	Isolation level: undefined/unknown
	Minimum pool size: undefined/unknown
	Maximum pool size: undefined/unknown
2026-02-09 10:31:32.994 [restartedMain] INFO  o.s.o.j.p.SpringPersistenceUnitInfo - No LoadTimeWeaver setup: ignoring JPA class transformer
2026-02-09 10:31:33.043 [restartedMain] INFO  o.h.e.t.j.p.i.JtaPlatformInitiator - HHH000489: No JTA platform available (set 'hibernate.transaction.jta.platform' to enable JTA platform integration)
2026-02-09 10:31:33.044 [restartedMain] INFO  o.s.o.j.LocalContainerEntityManagerFactoryBean - Initialized JPA EntityManagerFactory for persistence unit 'default'
2026-02-09 10:31:33.145 [restartedMain] WARN  o.s.b.a.o.j.JpaBaseConfiguration$JpaWebConfiguration - spring.jpa.open-in-view is enabled by default. Therefore, database queries may be performed during view rendering. Explicitly configure spring.jpa.open-in-view to disable this warning
2026-02-09 10:31:33.208 [restartedMain] INFO  o.s.b.d.a.OptionalLiveReloadServer - LiveReload server is running on port 35729
2026-02-09 10:31:33.214 [restartedMain] INFO  o.s.b.w.e.tomcat.TomcatWebServer - Tomcat started on port 8080 (http) with context path '/'
2026-02-09 10:31:33.216 [restartedMain] INFO  c.k.f.FashionApiApplication - Started FashionApiApplication in 2.591 seconds (process running for 237312.011)
2026-02-09 10:31:33.217 [restartedMain] INFO  o.s.b.d.a.ConditionEvaluationDeltaLoggingListener - Condition evaluation unchanged
2026-02-09 10:31:33.371 [tomcat-handler-0] INFO  o.a.c.c.C.[Tomcat].[localhost].[/] - Initializing Spring DispatcherServlet 'dispatcherServlet'
2026-02-09 10:31:33.371 [tomcat-handler-0] INFO  o.s.web.servlet.DispatcherServlet - Initializing Servlet 'dispatcherServlet'
2026-02-09 10:31:33.372 [tomcat-handler-0] INFO  o.s.web.servlet.DispatcherServlet - Completed initialization in 1 ms
2026-02-09 11:00:13.157 [tomcat-handler-629] INFO  p6spy - #1770602413157 | took 194ms | statement | connection 44| url jdbc:postgresql://aws-1-ap-south-1.pooler.supabase.com:6543/postgres?sslmode=require&prepareThreshold=0
select s1_0.sale_id,s1_0.product_id,s1_0.sale_price,s1_0.sale_quantity,s1_0.sale_rate from sales s1_0 order by s1_0.sale_quantity desc fetch first ? rows only
select s1_0.sale_id,s1_0.product_id,s1_0.sale_price,s1_0.sale_quantity,s1_0.sale_rate from sales s1_0 order by s1_0.sale_quantity desc fetch first 10 rows only;
2026-02-09 11:00:13.355 [tomcat-handler-629] INFO  p6spy - #1770602413355 | took 196ms | statement | connection 44| url jdbc:postgresql://aws-1-ap-south-1.pooler.supabase.com:6543/postgres?sslmode=require&prepareThreshold=0
select p1_0.product_id,c1_0.category_id,c1_0.category_name,p1_0.embedding,p1_0.price,p1_0.product_name,p1_0.style from products p1_0 left join categories c1_0 on c1_0.category_id=p1_0.category_id where p1_0.product_id=?
select p1_0.product_id,c1_0.category_id,c1_0.category_name,p1_0.embedding,p1_0.price,p1_0.product_name,p1_0.style from products p1_0 left join categories c1_0 on c1_0.category_id=p1_0.category_id where p1_0.product_id='AKE3OP015';
2026-02-09 11:00:13.509 [tomcat-handler-629] INFO  p6spy - #1770602413509 | took 152ms | statement | connection 44| url jdbc:postgresql://aws-1-ap-south-1.pooler.supabase.com:6543/postgres?sslmode=require&prepareThreshold=0
select p1_0.product_id,c1_0.category_id,c1_0.category_name,p1_0.embedding,p1_0.price,p1_0.product_name,p1_0.style from products p1_0 left join categories c1_0 on c1_0.category_id=p1_0.category_id where p1_0.product_id=?
select p1_0.product_id,c1_0.category_id,c1_0.category_name,p1_0.embedding,p1_0.price,p1_0.product_name,p1_0.style from products p1_0 left join categories c1_0 on c1_0.category_id=p1_0.category_id where p1_0.product_id='ALE3OP003';
2026-02-09 11:00:13.654 [tomcat-handler-629] INFO  p6spy - #1770602413654 | took 143ms | statement | connection 44| url jdbc:postgresql://aws-1-ap-south-1.pooler.supabase.com:6543/postgres?sslmode=require&prepareThreshold=0
select p1_0.product_id,c1_0.category_id,c1_0.category_name,p1_0.embedding,p1_0.price,p1_0.product_name,p1_0.style from products p1_0 left join categories c1_0 on c1_0.category_id=p1_0.category_id where p1_0.product_id=?
select p1_0.product_id,c1_0.category_id,c1_0.category_name,p1_0.embedding,p1_0.price,p1_0.product_name,p1_0.style from products p1_0 left join categories c1_0 on c1_0.category_id=p1_0.category_id where p1_0.product_id='AME3OP004';
2026-02-09 11:00:13.799 [tomcat-handler-629] INFO  p6spy - #1770602413799 | took 143ms | statement | connection 44| url jdbc:postgresql://aws-1-ap-south-1.pooler.supabase.com:6543/postgres?sslmode=require&prepareThreshold=0
select p1_0.product_id,c1_0.category_id,c1_0.category_name,p1_0.embedding,p1_0.price,p1_0.product_name,p1_0.style from products p1_0 left join categories c1_0 on c1_0.category_id=p1_0.category_id where p1_0.product_id=?
select p1_0.product_id,c1_0.category_id,c1_0.category_name,p1_0.embedding,p1_0.price,p1_0.product_name,p1_0.style from products p1_0 left join categories c1_0 on c1_0.category_id=p1_0.category_id where p1_0.product_id='AKI7KT012';
2026-02-09 11:00:13.945 [tomcat-handler-629] INFO  p6spy - #1770602413945 | took 144ms | statement | connection 44| url jdbc:postgresql://aws-1-ap-south-1.pooler.supabase.com:6543/postgres?sslmode=require&prepareThreshold=0
select p1_0.product_id,c1_0.category_id,c1_0.category_name,p1_0.embedding,p1_0.price,p1_0.product_name,p1_0.style from products p1_0 left join categories c1_0 on c1_0.category_id=p1_0.category_id where p1_0.product_id=?
select p1_0.product_id,c1_0.category_id,c1_0.category_name,p1_0.embedding,p1_0.price,p1_0.product_name,p1_0.style from products p1_0 left join categories c1_0 on c1_0.category_id=p1_0.category_id where p1_0.product_id='AKK7TS002';
2026-02-09 11:00:14.091 [tomcat-handler-629] INFO  p6spy - #1770602414091 | took 145ms | statement | connection 44| url jdbc:postgresql://aws-1-ap-south-1.pooler.supabase.com:6543/postgres?sslmode=require&prepareThreshold=0
select p1_0.product_id,c1_0.category_id,c1_0.category_name,p1_0.embedding,p1_0.price,p1_0.product_name,p1_0.style from products p1_0 left join categories c1_0 on c1_0.category_id=p1_0.category_id where p1_0.product_id=?
select p1_0.product_id,c1_0.category_id,c1_0.category_name,p1_0.embedding,p1_0.price,p1_0.product_name,p1_0.style from products p1_0 left join categories c1_0 on c1_0.category_id=p1_0.category_id where p1_0.product_id='ALD3PT005';
2026-02-09 11:00:14.229 [tomcat-handler-629] INFO  p6spy - #1770602414229 | took 137ms | statement | connection 44| url jdbc:postgresql://aws-1-ap-south-1.pooler.supabase.com:6543/postgres?sslmode=require&prepareThreshold=0
select p1_0.product_id,c1_0.category_id,c1_0.category_name,p1_0.embedding,p1_0.price,p1_0.product_name,p1_0.style from products p1_0 left join categories c1_0 on c1_0.category_id=p1_0.category_id where p1_0.product_id=?
select p1_0.product_id,c1_0.category_id,c1_0.category_name,p1_0.embedding,p1_0.price,p1_0.product_name,p1_0.style from products p1_0 left join categories c1_0 on c1_0.category_id=p1_0.category_id where p1_0.product_id='AKJ7TS001';
2026-02-09 11:00:14.367 [tomcat-handler-629] INFO  p6spy - #1770602414367 | took 136ms | statement | connection 44| url jdbc:postgresql://aws-1-ap-south-1.pooler.supabase.com:6543/postgres?sslmode=require&prepareThreshold=0
select p1_0.product_id,c1_0.category_id,c1_0.category_name,p1_0.embedding,p1_0.price,p1_0.product_name,p1_0.style from products p1_0 left join categories c1_0 on c1_0.category_id=p1_0.category_id where p1_0.product_id=?
select p1_0.product_id,c1_0.category_id,c1_0.category_name,p1_0.embedding,p1_0.price,p1_0.product_name,p1_0.style from products p1_0 left join categories c1_0 on c1_0.category_id=p1_0.category_id where p1_0.product_id='ALK3PT005';
2026-02-09 11:00:14.505 [tomcat-handler-629] INFO  p6spy - #1770602414505 | took 137ms | statement | connection 44| url jdbc:postgresql://aws-1-ap-south-1.pooler.supabase.com:6543/postgres?sslmode=require&prepareThreshold=0
select p1_0.product_id,c1_0.category_id,c1_0.category_name,p1_0.embedding,p1_0.price,p1_0.product_name,p1_0.style from products p1_0 left join categories c1_0 on c1_0.category_id=p1_0.category_id where p1_0.product_id=?
select p1_0.product_id,c1_0.category_id,c1_0.category_name,p1_0.embedding,p1_0.price,p1_0.product_name,p1_0.style from products p1_0 left join categories c1_0 on c1_0.category_id=p1_0.category_id where p1_0.product_id='ALD3PT004';
2026-02-09 11:00:14.647 [tomcat-handler-629] INFO  p6spy - #1770602414647 | took 140ms | statement | connection 44| url jdbc:postgresql://aws-1-ap-south-1.pooler.supabase.com:6543/postgres?sslmode=require&prepareThreshold=0
select p1_0.product_id,c1_0.category_id,c1_0.category_name,p1_0.embedding,p1_0.price,p1_0.product_name,p1_0.style from products p1_0 left join categories c1_0 on c1_0.category_id=p1_0.category_id where p1_0.product_id=?
select p1_0.product_id,c1_0.category_id,c1_0.category_name,p1_0.embedding,p1_0.price,p1_0.product_name,p1_0.style from products p1_0 left join categories c1_0 on c1_0.category_id=p1_0.category_id where p1_0.product_id='ALE3PT005';
2026-02-09 11:00:14.788 [tomcat-handler-629] INFO  p6spy - #1770602414788 | took 138ms | commit | connection 44| url jdbc:postgresql://aws-1-ap-south-1.pooler.supabase.com:6543/postgres?sslmode=require&prepareThreshold=0

;
2026-02-09 11:10:00.632 [File Watcher] INFO  o.s.b.d.a.LocalDevToolsAutoConfiguration$RestartingClassPathChangeChangedEventListener - Restarting due to 1 class path change (0 additions, 0 deletions, 1 modification)
2026-02-09 11:10:00.634 [Thread-183] INFO  o.s.b.w.e.tomcat.GracefulShutdown - Commencing graceful shutdown. Waiting for active requests to complete
2026-02-09 11:10:00.635 [tomcat-shutdown] INFO  o.s.b.w.e.tomcat.GracefulShutdown - Graceful shutdown complete
2026-02-09 11:10:00.637 [Thread-183] INFO  o.s.o.j.LocalContainerEntityManagerFactoryBean - Closing JPA EntityManagerFactory for persistence unit 'default'
2026-02-09 11:10:00.638 [Thread-183] INFO  com.zaxxer.hikari.HikariDataSource - HikariPool-10 - Shutdown initiated...
2026-02-09 11:10:01.331 [Thread-183] INFO  com.zaxxer.hikari.HikariDataSource - HikariPool-10 - Shutdown completed.
2026-02-09 11:10:01.437 [restartedMain] INFO  c.k.f.FashionApiApplication - Starting FashionApiApplication using Java 21.0.8 with PID 21044 (C:\workspace_fashion\fashion-api\bin\main started by user in C:\workspace_fashion\fashion-api)
2026-02-09 11:10:01.437 [restartedMain] INFO  c.k.f.FashionApiApplication - No active profile set, falling back to 1 default profile: "default"
2026-02-09 11:10:01.631 [restartedMain] INFO  o.s.d.r.c.RepositoryConfigurationDelegate - Bootstrapping Spring Data JPA repositories in DEFAULT mode.
2026-02-09 11:10:01.644 [restartedMain] INFO  o.s.d.r.c.RepositoryConfigurationDelegate - Finished Spring Data repository scanning in 12 ms. Found 4 JPA repository interfaces.
2026-02-09 11:10:01.718 [restartedMain] INFO  o.s.b.w.e.tomcat.TomcatWebServer - Tomcat initialized with port 8080 (http)
2026-02-09 11:10:01.718 [restartedMain] INFO  o.a.catalina.core.StandardService - Starting service [Tomcat]
2026-02-09 11:10:01.718 [restartedMain] INFO  o.a.catalina.core.StandardEngine - Starting Servlet engine: [Apache Tomcat/10.1.50]
2026-02-09 11:10:01.780 [restartedMain] INFO  o.apache.jasper.servlet.TldScanner - At least one JAR was scanned for TLDs yet contained no TLDs. Enable debug logging for this logger for a complete list of JARs that were scanned but no TLDs were found in them. Skipping unneeded JARs during scanning can improve startup time and JSP compilation time.
2026-02-09 11:10:01.783 [restartedMain] INFO  o.a.c.c.C.[Tomcat].[localhost].[/] - Initializing Spring embedded WebApplicationContext
2026-02-09 11:10:01.783 [restartedMain] INFO  o.s.b.w.s.c.ServletWebServerApplicationContext - Root WebApplicationContext: initialization completed in 345 ms
2026-02-09 11:10:01.806 [restartedMain] INFO  com.zaxxer.hikari.HikariDataSource - HikariPool-11 - Starting...
2026-02-09 11:10:03.177 [restartedMain] INFO  com.zaxxer.hikari.pool.HikariPool - HikariPool-11 - Added connection org.postgresql.jdbc.PgConnection@51aabbe5
2026-02-09 11:10:03.178 [restartedMain] INFO  com.zaxxer.hikari.HikariDataSource - HikariPool-11 - Start completed.
2026-02-09 11:10:03.178 [restartedMain] INFO  o.h.jpa.internal.util.LogHelper - HHH000204: Processing PersistenceUnitInfo [name: default]
2026-02-09 11:10:03.181 [restartedMain] INFO  o.h.c.i.RegionFactoryInitiator - HHH000026: Second-level cache disabled
2026-02-09 11:10:03.944 [restartedMain] INFO  o.hibernate.orm.connections.pooling - HHH10001005: Database info:
	Database JDBC URL [Connecting through datasource 'p6SpyDataSourceDecorator [com.p6spy.engine.spy.P6DataSource] -> dataSource [com.zaxxer.hikari.HikariDataSource]']
	Database driver: undefined/unknown
	Database version: 17.6
	Autocommit mode: undefined/unknown
	Isolation level: undefined/unknown
	Minimum pool size: undefined/unknown
	Maximum pool size: undefined/unknown
2026-02-09 11:10:03.949 [restartedMain] INFO  o.s.o.j.p.SpringPersistenceUnitInfo - No LoadTimeWeaver setup: ignoring JPA class transformer
2026-02-09 11:10:03.999 [restartedMain] INFO  o.h.e.t.j.p.i.JtaPlatformInitiator - HHH000489: No JTA platform available (set 'hibernate.transaction.jta.platform' to enable JTA platform integration)
2026-02-09 11:10:04.000 [restartedMain] INFO  o.s.o.j.LocalContainerEntityManagerFactoryBean - Initialized JPA EntityManagerFactory for persistence unit 'default'
2026-02-09 11:10:04.104 [restartedMain] WARN  o.s.b.a.o.j.JpaBaseConfiguration$JpaWebConfiguration - spring.jpa.open-in-view is enabled by default. Therefore, database queries may be performed during view rendering. Explicitly configure spring.jpa.open-in-view to disable this warning
2026-02-09 11:10:04.171 [restartedMain] INFO  o.s.b.d.a.OptionalLiveReloadServer - LiveReload server is running on port 35729
2026-02-09 11:10:04.178 [restartedMain] INFO  o.s.b.w.e.tomcat.TomcatWebServer - Tomcat started on port 8080 (http) with context path '/'
2026-02-09 11:10:04.179 [restartedMain] INFO  c.k.f.FashionApiApplication - Started FashionApiApplication in 2.78 seconds (process running for 239622.974)
2026-02-09 11:10:04.180 [restartedMain] INFO  o.s.b.d.a.ConditionEvaluationDeltaLoggingListener - Condition evaluation unchanged
2026-02-09 11:10:04.242 [tomcat-handler-0] INFO  o.a.c.c.C.[Tomcat].[localhost].[/] - Initializing Spring DispatcherServlet 'dispatcherServlet'
2026-02-09 11:10:04.242 [tomcat-handler-0] INFO  o.s.web.servlet.DispatcherServlet - Initializing Servlet 'dispatcherServlet'
2026-02-09 11:10:04.243 [tomcat-handler-0] INFO  o.s.web.servlet.DispatcherServlet - Completed initialization in 1 ms
2026-02-09 11:31:46.286 [File Watcher] INFO  o.s.b.d.a.LocalDevToolsAutoConfiguration$RestartingClassPathChangeChangedEventListener - Restarting due to 1 class path change (0 additions, 0 deletions, 1 modification)
2026-02-09 11:31:46.287 [Thread-203] INFO  o.s.b.w.e.tomcat.GracefulShutdown - Commencing graceful shutdown. Waiting for active requests to complete
2026-02-09 11:31:46.289 [tomcat-shutdown] INFO  o.s.b.w.e.tomcat.GracefulShutdown - Graceful shutdown complete
2026-02-09 11:31:46.291 [Thread-203] INFO  o.s.o.j.LocalContainerEntityManagerFactoryBean - Closing JPA EntityManagerFactory for persistence unit 'default'
2026-02-09 11:31:46.291 [Thread-203] INFO  com.zaxxer.hikari.HikariDataSource - HikariPool-11 - Shutdown initiated...
2026-02-09 11:31:47.413 [Thread-203] INFO  com.zaxxer.hikari.HikariDataSource - HikariPool-11 - Shutdown completed.
2026-02-09 11:31:47.498 [restartedMain] INFO  c.k.f.FashionApiApplication - Starting FashionApiApplication using Java 21.0.8 with PID 21044 (C:\workspace_fashion\fashion-api\bin\main started by user in C:\workspace_fashion\fashion-api)
2026-02-09 11:31:47.498 [restartedMain] INFO  c.k.f.FashionApiApplication - No active profile set, falling back to 1 default profile: "default"
2026-02-09 11:31:47.694 [restartedMain] INFO  o.s.d.r.c.RepositoryConfigurationDelegate - Bootstrapping Spring Data JPA repositories in DEFAULT mode.
2026-02-09 11:31:47.707 [restartedMain] INFO  o.s.d.r.c.RepositoryConfigurationDelegate - Finished Spring Data repository scanning in 13 ms. Found 4 JPA repository interfaces.
2026-02-09 11:31:47.779 [restartedMain] INFO  o.s.b.w.e.tomcat.TomcatWebServer - Tomcat initialized with port 8080 (http)
2026-02-09 11:31:47.780 [restartedMain] INFO  o.a.catalina.core.StandardService - Starting service [Tomcat]
2026-02-09 11:31:47.780 [restartedMain] INFO  o.a.catalina.core.StandardEngine - Starting Servlet engine: [Apache Tomcat/10.1.50]
2026-02-09 11:31:47.844 [restartedMain] INFO  o.apache.jasper.servlet.TldScanner - At least one JAR was scanned for TLDs yet contained no TLDs. Enable debug logging for this logger for a complete list of JARs that were scanned but no TLDs were found in them. Skipping unneeded JARs during scanning can improve startup time and JSP compilation time.
2026-02-09 11:31:47.846 [restartedMain] INFO  o.a.c.c.C.[Tomcat].[localhost].[/] - Initializing Spring embedded WebApplicationContext
2026-02-09 11:31:47.847 [restartedMain] INFO  o.s.b.w.s.c.ServletWebServerApplicationContext - Root WebApplicationContext: initialization completed in 347 ms
2026-02-09 11:31:47.877 [restartedMain] INFO  com.zaxxer.hikari.HikariDataSource - HikariPool-12 - Starting...
2026-02-09 11:31:49.250 [restartedMain] INFO  com.zaxxer.hikari.pool.HikariPool - HikariPool-12 - Added connection org.postgresql.jdbc.PgConnection@498bcbc3
2026-02-09 11:31:49.250 [restartedMain] INFO  com.zaxxer.hikari.HikariDataSource - HikariPool-12 - Start completed.
2026-02-09 11:31:49.251 [restartedMain] INFO  o.h.jpa.internal.util.LogHelper - HHH000204: Processing PersistenceUnitInfo [name: default]
2026-02-09 11:31:49.254 [restartedMain] INFO  o.h.c.i.RegionFactoryInitiator - HHH000026: Second-level cache disabled
2026-02-09 11:31:50.024 [restartedMain] INFO  o.hibernate.orm.connections.pooling - HHH10001005: Database info:
	Database JDBC URL [Connecting through datasource 'p6SpyDataSourceDecorator [com.p6spy.engine.spy.P6DataSource] -> dataSource [com.zaxxer.hikari.HikariDataSource]']
	Database driver: undefined/unknown
	Database version: 17.6
	Autocommit mode: undefined/unknown
	Isolation level: undefined/unknown
	Minimum pool size: undefined/unknown
	Maximum pool size: undefined/unknown
2026-02-09 11:31:50.029 [restartedMain] INFO  o.s.o.j.p.SpringPersistenceUnitInfo - No LoadTimeWeaver setup: ignoring JPA class transformer
2026-02-09 11:31:50.082 [restartedMain] INFO  o.h.e.t.j.p.i.JtaPlatformInitiator - HHH000489: No JTA platform available (set 'hibernate.transaction.jta.platform' to enable JTA platform integration)
2026-02-09 11:31:50.082 [restartedMain] INFO  o.s.o.j.LocalContainerEntityManagerFactoryBean - Initialized JPA EntityManagerFactory for persistence unit 'default'
2026-02-09 11:31:50.187 [restartedMain] WARN  o.s.b.a.o.j.JpaBaseConfiguration$JpaWebConfiguration - spring.jpa.open-in-view is enabled by default. Therefore, database queries may be performed during view rendering. Explicitly configure spring.jpa.open-in-view to disable this warning
2026-02-09 11:31:50.251 [restartedMain] INFO  o.s.b.d.a.OptionalLiveReloadServer - LiveReload server is running on port 35729
2026-02-09 11:31:50.256 [restartedMain] INFO  o.s.b.w.e.tomcat.TomcatWebServer - Tomcat started on port 8080 (http) with context path '/'
2026-02-09 11:31:50.258 [restartedMain] INFO  c.k.f.FashionApiApplication - Started FashionApiApplication in 2.779 seconds (process running for 240929.053)
2026-02-09 11:31:50.259 [restartedMain] INFO  o.s.b.d.a.ConditionEvaluationDeltaLoggingListener - Condition evaluation unchanged
2026-02-09 11:31:50.325 [tomcat-handler-0] INFO  o.a.c.c.C.[Tomcat].[localhost].[/] - Initializing Spring DispatcherServlet 'dispatcherServlet'
2026-02-09 11:31:50.325 [tomcat-handler-0] INFO  o.s.web.servlet.DispatcherServlet - Initializing Servlet 'dispatcherServlet'
2026-02-09 11:31:50.326 [tomcat-handler-0] INFO  o.s.web.servlet.DispatcherServlet - Completed initialization in 1 ms
2026-02-09 11:55:32.759 [File Watcher] INFO  o.s.b.d.a.LocalDevToolsAutoConfiguration$RestartingClassPathChangeChangedEventListener - Restarting due to 1 class path change (0 additions, 0 deletions, 1 modification)
2026-02-09 11:55:32.761 [Thread-223] INFO  o.s.b.w.e.tomcat.GracefulShutdown - Commencing graceful shutdown. Waiting for active requests to complete
2026-02-09 11:55:32.763 [tomcat-shutdown] INFO  o.s.b.w.e.tomcat.GracefulShutdown - Graceful shutdown complete
2026-02-09 11:55:32.765 [Thread-223] INFO  o.s.o.j.LocalContainerEntityManagerFactoryBean - Closing JPA EntityManagerFactory for persistence unit 'default'
2026-02-09 11:55:32.766 [Thread-223] INFO  com.zaxxer.hikari.HikariDataSource - HikariPool-12 - Shutdown initiated...
2026-02-09 11:55:33.467 [Thread-223] INFO  com.zaxxer.hikari.HikariDataSource - HikariPool-12 - Shutdown completed.
2026-02-09 11:55:33.562 [restartedMain] INFO  c.k.f.FashionApiApplication - Starting FashionApiApplication using Java 21.0.8 with PID 21044 (C:\workspace_fashion\fashion-api\bin\main started by user in C:\workspace_fashion\fashion-api)
2026-02-09 11:55:33.562 [restartedMain] INFO  c.k.f.FashionApiApplication - No active profile set, falling back to 1 default profile: "default"
2026-02-09 11:55:33.755 [restartedMain] INFO  o.s.d.r.c.RepositoryConfigurationDelegate - Bootstrapping Spring Data JPA repositories in DEFAULT mode.
2026-02-09 11:55:33.769 [restartedMain] INFO  o.s.d.r.c.RepositoryConfigurationDelegate - Finished Spring Data repository scanning in 12 ms. Found 4 JPA repository interfaces.
2026-02-09 11:55:33.840 [restartedMain] INFO  o.s.b.w.e.tomcat.TomcatWebServer - Tomcat initialized with port 8080 (http)
2026-02-09 11:55:33.840 [restartedMain] INFO  o.a.catalina.core.StandardService - Starting service [Tomcat]
2026-02-09 11:55:33.840 [restartedMain] INFO  o.a.catalina.core.StandardEngine - Starting Servlet engine: [Apache Tomcat/10.1.50]
2026-02-09 11:55:33.888 [restartedMain] INFO  o.apache.jasper.servlet.TldScanner - At least one JAR was scanned for TLDs yet contained no TLDs. Enable debug logging for this logger for a complete list of JARs that were scanned but no TLDs were found in them. Skipping unneeded JARs during scanning can improve startup time and JSP compilation time.
2026-02-09 11:55:33.890 [restartedMain] INFO  o.a.c.c.C.[Tomcat].[localhost].[/] - Initializing Spring embedded WebApplicationContext
2026-02-09 11:55:33.890 [restartedMain] INFO  o.s.b.w.s.c.ServletWebServerApplicationContext - Root WebApplicationContext: initialization completed in 325 ms
2026-02-09 11:55:33.911 [restartedMain] INFO  com.zaxxer.hikari.HikariDataSource - HikariPool-13 - Starting...
2026-02-09 11:55:35.177 [restartedMain] INFO  com.zaxxer.hikari.pool.HikariPool - HikariPool-13 - Added connection org.postgresql.jdbc.PgConnection@4dba1a77
2026-02-09 11:55:35.178 [restartedMain] INFO  com.zaxxer.hikari.HikariDataSource - HikariPool-13 - Start completed.
2026-02-09 11:55:35.180 [restartedMain] INFO  o.h.jpa.internal.util.LogHelper - HHH000204: Processing PersistenceUnitInfo [name: default]
2026-02-09 11:55:35.183 [restartedMain] INFO  o.h.c.i.RegionFactoryInitiator - HHH000026: Second-level cache disabled
2026-02-09 11:55:35.930 [restartedMain] INFO  o.hibernate.orm.connections.pooling - HHH10001005: Database info:
	Database JDBC URL [Connecting through datasource 'p6SpyDataSourceDecorator [com.p6spy.engine.spy.P6DataSource] -> dataSource [com.zaxxer.hikari.HikariDataSource]']
	Database driver: undefined/unknown
	Database version: 17.6
	Autocommit mode: undefined/unknown
	Isolation level: undefined/unknown
	Minimum pool size: undefined/unknown
	Maximum pool size: undefined/unknown
2026-02-09 11:55:35.934 [restartedMain] INFO  o.s.o.j.p.SpringPersistenceUnitInfo - No LoadTimeWeaver setup: ignoring JPA class transformer
2026-02-09 11:55:35.986 [restartedMain] INFO  o.h.e.t.j.p.i.JtaPlatformInitiator - HHH000489: No JTA platform available (set 'hibernate.transaction.jta.platform' to enable JTA platform integration)
2026-02-09 11:55:35.987 [restartedMain] INFO  o.s.o.j.LocalContainerEntityManagerFactoryBean - Initialized JPA EntityManagerFactory for persistence unit 'default'
2026-02-09 11:55:36.097 [restartedMain] WARN  o.s.b.a.o.j.JpaBaseConfiguration$JpaWebConfiguration - spring.jpa.open-in-view is enabled by default. Therefore, database queries may be performed during view rendering. Explicitly configure spring.jpa.open-in-view to disable this warning
2026-02-09 11:55:36.169 [restartedMain] INFO  o.s.b.d.a.OptionalLiveReloadServer - LiveReload server is running on port 35729
2026-02-09 11:55:36.175 [restartedMain] INFO  o.s.b.w.e.tomcat.TomcatWebServer - Tomcat started on port 8080 (http) with context path '/'
2026-02-09 11:55:36.177 [restartedMain] INFO  c.k.f.FashionApiApplication - Started FashionApiApplication in 2.639 seconds (process running for 242354.972)
2026-02-09 11:55:36.177 [restartedMain] INFO  o.s.b.d.a.ConditionEvaluationDeltaLoggingListener - Condition evaluation unchanged
2026-02-09 11:55:36.189 [tomcat-handler-0] INFO  o.a.c.c.C.[Tomcat].[localhost].[/] - Initializing Spring DispatcherServlet 'dispatcherServlet'
2026-02-09 11:55:36.189 [tomcat-handler-0] INFO  o.s.web.servlet.DispatcherServlet - Initializing Servlet 'dispatcherServlet'
2026-02-09 11:55:36.190 [tomcat-handler-0] INFO  o.s.web.servlet.DispatcherServlet - Completed initialization in 1 ms
2026-02-09 11:55:38.638 [File Watcher] INFO  o.s.b.d.a.LocalDevToolsAutoConfiguration$RestartingClassPathChangeChangedEventListener - Restarting due to 1 class path change (0 additions, 0 deletions, 1 modification)
2026-02-09 11:55:38.639 [Thread-243] INFO  o.s.b.w.e.tomcat.GracefulShutdown - Commencing graceful shutdown. Waiting for active requests to complete
2026-02-09 11:55:38.641 [tomcat-shutdown] INFO  o.s.b.w.e.tomcat.GracefulShutdown - Graceful shutdown complete
2026-02-09 11:55:38.642 [Thread-243] INFO  o.s.o.j.LocalContainerEntityManagerFactoryBean - Closing JPA EntityManagerFactory for persistence unit 'default'
2026-02-09 11:55:38.643 [Thread-243] INFO  com.zaxxer.hikari.HikariDataSource - HikariPool-13 - Shutdown initiated...
2026-02-09 11:55:39.489 [Thread-243] INFO  com.zaxxer.hikari.HikariDataSource - HikariPool-13 - Shutdown completed.
2026-02-09 11:55:39.571 [restartedMain] INFO  c.k.f.FashionApiApplication - Starting FashionApiApplication using Java 21.0.8 with PID 21044 (C:\workspace_fashion\fashion-api\bin\main started by user in C:\workspace_fashion\fashion-api)
2026-02-09 11:55:39.572 [restartedMain] INFO  c.k.f.FashionApiApplication - No active profile set, falling back to 1 default profile: "default"
2026-02-09 11:55:39.751 [restartedMain] INFO  o.s.d.r.c.RepositoryConfigurationDelegate - Bootstrapping Spring Data JPA repositories in DEFAULT mode.
2026-02-09 11:55:39.763 [restartedMain] INFO  o.s.d.r.c.RepositoryConfigurationDelegate - Finished Spring Data repository scanning in 11 ms. Found 4 JPA repository interfaces.
2026-02-09 11:55:39.820 [restartedMain] INFO  o.s.b.w.e.tomcat.TomcatWebServer - Tomcat initialized with port 8080 (http)
2026-02-09 11:55:39.820 [restartedMain] INFO  o.a.catalina.core.StandardService - Starting service [Tomcat]
2026-02-09 11:55:39.821 [restartedMain] INFO  o.a.catalina.core.StandardEngine - Starting Servlet engine: [Apache Tomcat/10.1.50]
2026-02-09 11:55:39.868 [restartedMain] INFO  o.apache.jasper.servlet.TldScanner - At least one JAR was scanned for TLDs yet contained no TLDs. Enable debug logging for this logger for a complete list of JARs that were scanned but no TLDs were found in them. Skipping unneeded JARs during scanning can improve startup time and JSP compilation time.
2026-02-09 11:55:39.870 [restartedMain] INFO  o.a.c.c.C.[Tomcat].[localhost].[/] - Initializing Spring embedded WebApplicationContext
2026-02-09 11:55:39.870 [restartedMain] INFO  o.s.b.w.s.c.ServletWebServerApplicationContext - Root WebApplicationContext: initialization completed in 297 ms
2026-02-09 11:55:39.889 [restartedMain] INFO  com.zaxxer.hikari.HikariDataSource - HikariPool-14 - Starting...
2026-02-09 11:55:41.127 [restartedMain] INFO  com.zaxxer.hikari.pool.HikariPool - HikariPool-14 - Added connection org.postgresql.jdbc.PgConnection@2505841f
2026-02-09 11:55:41.128 [restartedMain] INFO  com.zaxxer.hikari.HikariDataSource - HikariPool-14 - Start completed.
2026-02-09 11:55:41.129 [restartedMain] INFO  o.h.jpa.internal.util.LogHelper - HHH000204: Processing PersistenceUnitInfo [name: default]
2026-02-09 11:55:41.132 [restartedMain] INFO  o.h.c.i.RegionFactoryInitiator - HHH000026: Second-level cache disabled
2026-02-09 11:55:41.818 [restartedMain] INFO  o.hibernate.orm.connections.pooling - HHH10001005: Database info:
	Database JDBC URL [Connecting through datasource 'p6SpyDataSourceDecorator [com.p6spy.engine.spy.P6DataSource] -> dataSource [com.zaxxer.hikari.HikariDataSource]']
	Database driver: undefined/unknown
	Database version: 17.6
	Autocommit mode: undefined/unknown
	Isolation level: undefined/unknown
	Minimum pool size: undefined/unknown
	Maximum pool size: undefined/unknown
2026-02-09 11:55:41.823 [restartedMain] INFO  o.s.o.j.p.SpringPersistenceUnitInfo - No LoadTimeWeaver setup: ignoring JPA class transformer
2026-02-09 11:55:41.871 [restartedMain] INFO  o.h.e.t.j.p.i.JtaPlatformInitiator - HHH000489: No JTA platform available (set 'hibernate.transaction.jta.platform' to enable JTA platform integration)
2026-02-09 11:55:41.871 [restartedMain] INFO  o.s.o.j.LocalContainerEntityManagerFactoryBean - Initialized JPA EntityManagerFactory for persistence unit 'default'
2026-02-09 11:55:41.971 [restartedMain] WARN  o.s.b.a.o.j.JpaBaseConfiguration$JpaWebConfiguration - spring.jpa.open-in-view is enabled by default. Therefore, database queries may be performed during view rendering. Explicitly configure spring.jpa.open-in-view to disable this warning
2026-02-09 11:55:42.031 [restartedMain] INFO  o.s.b.d.a.OptionalLiveReloadServer - LiveReload server is running on port 35729
2026-02-09 11:55:42.036 [restartedMain] INFO  o.s.b.w.e.tomcat.TomcatWebServer - Tomcat started on port 8080 (http) with context path '/'
2026-02-09 11:55:42.038 [restartedMain] INFO  c.k.f.FashionApiApplication - Started FashionApiApplication in 2.487 seconds (process running for 242360.833)
2026-02-09 11:55:42.039 [restartedMain] INFO  o.s.b.d.a.ConditionEvaluationDeltaLoggingListener - Condition evaluation unchanged
2026-02-09 11:55:42.092 [tomcat-handler-0] INFO  o.a.c.c.C.[Tomcat].[localhost].[/] - Initializing Spring DispatcherServlet 'dispatcherServlet'
2026-02-09 11:55:42.093 [tomcat-handler-0] INFO  o.s.web.servlet.DispatcherServlet - Initializing Servlet 'dispatcherServlet'
2026-02-09 11:55:42.094 [tomcat-handler-0] INFO  o.s.web.servlet.DispatcherServlet - Completed initialization in 1 ms
2026-02-09 11:56:24.373 [File Watcher] INFO  o.s.b.d.a.LocalDevToolsAutoConfiguration$RestartingClassPathChangeChangedEventListener - Restarting due to 1 class path change (0 additions, 0 deletions, 1 modification)
2026-02-09 11:56:24.374 [Thread-263] INFO  o.s.b.w.e.tomcat.GracefulShutdown - Commencing graceful shutdown. Waiting for active requests to complete
2026-02-09 11:56:24.376 [tomcat-shutdown] INFO  o.s.b.w.e.tomcat.GracefulShutdown - Graceful shutdown complete
2026-02-09 11:56:24.378 [Thread-263] INFO  o.s.o.j.LocalContainerEntityManagerFactoryBean - Closing JPA EntityManagerFactory for persistence unit 'default'
2026-02-09 11:56:24.379 [Thread-263] INFO  com.zaxxer.hikari.HikariDataSource - HikariPool-14 - Shutdown initiated...
2026-02-09 11:56:25.733 [Thread-263] INFO  com.zaxxer.hikari.HikariDataSource - HikariPool-14 - Shutdown completed.
2026-02-09 11:56:25.814 [restartedMain] INFO  c.k.f.FashionApiApplication - Starting FashionApiApplication using Java 21.0.8 with PID 21044 (C:\workspace_fashion\fashion-api\bin\main started by user in C:\workspace_fashion\fashion-api)
2026-02-09 11:56:25.814 [restartedMain] INFO  c.k.f.FashionApiApplication - No active profile set, falling back to 1 default profile: "default"
2026-02-09 11:56:25.991 [restartedMain] INFO  o.s.d.r.c.RepositoryConfigurationDelegate - Bootstrapping Spring Data JPA repositories in DEFAULT mode.
2026-02-09 11:56:26.003 [restartedMain] INFO  o.s.d.r.c.RepositoryConfigurationDelegate - Finished Spring Data repository scanning in 11 ms. Found 4 JPA repository interfaces.
2026-02-09 11:56:26.060 [restartedMain] INFO  o.s.b.w.e.tomcat.TomcatWebServer - Tomcat initialized with port 8080 (http)
2026-02-09 11:56:26.061 [restartedMain] INFO  o.a.catalina.core.StandardService - Starting service [Tomcat]
2026-02-09 11:56:26.061 [restartedMain] INFO  o.a.catalina.core.StandardEngine - Starting Servlet engine: [Apache Tomcat/10.1.50]
2026-02-09 11:56:26.108 [restartedMain] INFO  o.apache.jasper.servlet.TldScanner - At least one JAR was scanned for TLDs yet contained no TLDs. Enable debug logging for this logger for a complete list of JARs that were scanned but no TLDs were found in them. Skipping unneeded JARs during scanning can improve startup time and JSP compilation time.
2026-02-09 11:56:26.110 [restartedMain] INFO  o.a.c.c.C.[Tomcat].[localhost].[/] - Initializing Spring embedded WebApplicationContext
2026-02-09 11:56:26.110 [restartedMain] INFO  o.s.b.w.s.c.ServletWebServerApplicationContext - Root WebApplicationContext: initialization completed in 294 ms
2026-02-09 11:56:26.128 [restartedMain] INFO  com.zaxxer.hikari.HikariDataSource - HikariPool-15 - Starting...
2026-02-09 11:56:27.347 [restartedMain] INFO  com.zaxxer.hikari.pool.HikariPool - HikariPool-15 - Added connection org.postgresql.jdbc.PgConnection@76e24b46
2026-02-09 11:56:27.348 [restartedMain] INFO  com.zaxxer.hikari.HikariDataSource - HikariPool-15 - Start completed.
2026-02-09 11:56:27.349 [restartedMain] INFO  o.h.jpa.internal.util.LogHelper - HHH000204: Processing PersistenceUnitInfo [name: default]
2026-02-09 11:56:27.352 [restartedMain] INFO  o.h.c.i.RegionFactoryInitiator - HHH000026: Second-level cache disabled
2026-02-09 11:56:28.045 [restartedMain] INFO  o.hibernate.orm.connections.pooling - HHH10001005: Database info:
	Database JDBC URL [Connecting through datasource 'p6SpyDataSourceDecorator [com.p6spy.engine.spy.P6DataSource] -> dataSource [com.zaxxer.hikari.HikariDataSource]']
	Database driver: undefined/unknown
	Database version: 17.6
	Autocommit mode: undefined/unknown
	Isolation level: undefined/unknown
	Minimum pool size: undefined/unknown
	Maximum pool size: undefined/unknown
2026-02-09 11:56:28.051 [restartedMain] INFO  o.s.o.j.p.SpringPersistenceUnitInfo - No LoadTimeWeaver setup: ignoring JPA class transformer
2026-02-09 11:56:28.095 [restartedMain] INFO  o.h.e.t.j.p.i.JtaPlatformInitiator - HHH000489: No JTA platform available (set 'hibernate.transaction.jta.platform' to enable JTA platform integration)
2026-02-09 11:56:28.096 [restartedMain] INFO  o.s.o.j.LocalContainerEntityManagerFactoryBean - Initialized JPA EntityManagerFactory for persistence unit 'default'
2026-02-09 11:56:28.190 [restartedMain] WARN  o.s.b.a.o.j.JpaBaseConfiguration$JpaWebConfiguration - spring.jpa.open-in-view is enabled by default. Therefore, database queries may be performed during view rendering. Explicitly configure spring.jpa.open-in-view to disable this warning
2026-02-09 11:56:28.244 [restartedMain] INFO  o.s.b.d.a.OptionalLiveReloadServer - LiveReload server is running on port 35729
2026-02-09 11:56:28.250 [restartedMain] INFO  o.s.b.w.e.tomcat.TomcatWebServer - Tomcat started on port 8080 (http) with context path '/'
2026-02-09 11:56:28.252 [restartedMain] INFO  c.k.f.FashionApiApplication - Started FashionApiApplication in 2.458 seconds (process running for 242407.047)
2026-02-09 11:56:28.253 [restartedMain] INFO  o.s.b.d.a.ConditionEvaluationDeltaLoggingListener - Condition evaluation unchanged
2026-02-09 11:56:28.320 [tomcat-handler-0] INFO  o.a.c.c.C.[Tomcat].[localhost].[/] - Initializing Spring DispatcherServlet 'dispatcherServlet'
2026-02-09 11:56:28.321 [tomcat-handler-0] INFO  o.s.web.servlet.DispatcherServlet - Initializing Servlet 'dispatcherServlet'
2026-02-09 11:56:28.321 [tomcat-handler-0] INFO  o.s.web.servlet.DispatcherServlet - Completed initialization in 0 ms
2026-02-09 11:57:02.472 [File Watcher] INFO  o.s.b.d.a.LocalDevToolsAutoConfiguration$RestartingClassPathChangeChangedEventListener - Restarting due to 2 class path changes (0 additions, 0 deletions, 2 modifications)
2026-02-09 11:57:02.473 [Thread-283] INFO  o.s.b.w.e.tomcat.GracefulShutdown - Commencing graceful shutdown. Waiting for active requests to complete
2026-02-09 11:57:02.475 [tomcat-shutdown] INFO  o.s.b.w.e.tomcat.GracefulShutdown - Graceful shutdown complete
2026-02-09 11:57:02.476 [Thread-283] INFO  o.s.o.j.LocalContainerEntityManagerFactoryBean - Closing JPA EntityManagerFactory for persistence unit 'default'
2026-02-09 11:57:02.476 [Thread-283] INFO  com.zaxxer.hikari.HikariDataSource - HikariPool-15 - Shutdown initiated...
2026-02-09 11:57:03.834 [Thread-283] INFO  com.zaxxer.hikari.HikariDataSource - HikariPool-15 - Shutdown completed.
2026-02-09 11:57:03.921 [restartedMain] INFO  c.k.f.FashionApiApplication - Starting FashionApiApplication using Java 21.0.8 with PID 21044 (C:\workspace_fashion\fashion-api\bin\main started by user in C:\workspace_fashion\fashion-api)
2026-02-09 11:57:03.921 [restartedMain] INFO  c.k.f.FashionApiApplication - No active profile set, falling back to 1 default profile: "default"
2026-02-09 11:57:04.096 [restartedMain] INFO  o.s.d.r.c.RepositoryConfigurationDelegate - Bootstrapping Spring Data JPA repositories in DEFAULT mode.
2026-02-09 11:57:04.108 [restartedMain] INFO  o.s.d.r.c.RepositoryConfigurationDelegate - Finished Spring Data repository scanning in 11 ms. Found 4 JPA repository interfaces.
2026-02-09 11:57:04.166 [restartedMain] INFO  o.s.b.w.e.tomcat.TomcatWebServer - Tomcat initialized with port 8080 (http)
2026-02-09 11:57:04.166 [restartedMain] INFO  o.a.catalina.core.StandardService - Starting service [Tomcat]
2026-02-09 11:57:04.166 [restartedMain] INFO  o.a.catalina.core.StandardEngine - Starting Servlet engine: [Apache Tomcat/10.1.50]
2026-02-09 11:57:04.215 [restartedMain] INFO  o.apache.jasper.servlet.TldScanner - At least one JAR was scanned for TLDs yet contained no TLDs. Enable debug logging for this logger for a complete list of JARs that were scanned but no TLDs were found in them. Skipping unneeded JARs during scanning can improve startup time and JSP compilation time.
2026-02-09 11:57:04.217 [restartedMain] INFO  o.a.c.c.C.[Tomcat].[localhost].[/] - Initializing Spring embedded WebApplicationContext
2026-02-09 11:57:04.217 [restartedMain] INFO  o.s.b.w.s.c.ServletWebServerApplicationContext - Root WebApplicationContext: initialization completed in 294 ms
2026-02-09 11:57:04.236 [restartedMain] INFO  com.zaxxer.hikari.HikariDataSource - HikariPool-16 - Starting...
2026-02-09 11:57:05.522 [restartedMain] INFO  com.zaxxer.hikari.pool.HikariPool - HikariPool-16 - Added connection org.postgresql.jdbc.PgConnection@72492f7c
2026-02-09 11:57:05.522 [restartedMain] INFO  com.zaxxer.hikari.HikariDataSource - HikariPool-16 - Start completed.
2026-02-09 11:57:05.523 [restartedMain] INFO  o.h.jpa.internal.util.LogHelper - HHH000204: Processing PersistenceUnitInfo [name: default]
2026-02-09 11:57:05.526 [restartedMain] INFO  o.h.c.i.RegionFactoryInitiator - HHH000026: Second-level cache disabled
2026-02-09 11:57:06.224 [restartedMain] INFO  o.hibernate.orm.connections.pooling - HHH10001005: Database info:
	Database JDBC URL [Connecting through datasource 'p6SpyDataSourceDecorator [com.p6spy.engine.spy.P6DataSource] -> dataSource [com.zaxxer.hikari.HikariDataSource]']
	Database driver: undefined/unknown
	Database version: 17.6
	Autocommit mode: undefined/unknown
	Isolation level: undefined/unknown
	Minimum pool size: undefined/unknown
	Maximum pool size: undefined/unknown
2026-02-09 11:57:06.228 [restartedMain] INFO  o.s.o.j.p.SpringPersistenceUnitInfo - No LoadTimeWeaver setup: ignoring JPA class transformer
2026-02-09 11:57:06.288 [restartedMain] INFO  o.h.e.t.j.p.i.JtaPlatformInitiator - HHH000489: No JTA platform available (set 'hibernate.transaction.jta.platform' to enable JTA platform integration)
2026-02-09 11:57:06.288 [restartedMain] INFO  o.s.o.j.LocalContainerEntityManagerFactoryBean - Initialized JPA EntityManagerFactory for persistence unit 'default'
2026-02-09 11:57:06.397 [restartedMain] WARN  o.s.b.a.o.j.JpaBaseConfiguration$JpaWebConfiguration - spring.jpa.open-in-view is enabled by default. Therefore, database queries may be performed during view rendering. Explicitly configure spring.jpa.open-in-view to disable this warning
2026-02-09 11:57:06.475 [restartedMain] INFO  o.s.b.d.a.OptionalLiveReloadServer - LiveReload server is running on port 35729
2026-02-09 11:57:06.485 [restartedMain] INFO  o.s.b.w.e.tomcat.TomcatWebServer - Tomcat started on port 8080 (http) with context path '/'
2026-02-09 11:57:06.487 [restartedMain] INFO  c.k.f.FashionApiApplication - Started FashionApiApplication in 2.587 seconds (process running for 242445.282)
2026-02-09 11:57:06.489 [restartedMain] INFO  o.s.b.d.a.ConditionEvaluationDeltaLoggingListener - Condition evaluation unchanged
2026-02-09 11:57:06.587 [tomcat-handler-0] INFO  o.a.c.c.C.[Tomcat].[localhost].[/] - Initializing Spring DispatcherServlet 'dispatcherServlet'
2026-02-09 11:57:06.587 [tomcat-handler-0] INFO  o.s.web.servlet.DispatcherServlet - Initializing Servlet 'dispatcherServlet'
2026-02-09 11:57:06.588 [tomcat-handler-0] INFO  o.s.web.servlet.DispatcherServlet - Completed initialization in 1 ms
